<?xml version="1.0" encoding="UTF-8"?>
<!-- Generated by org.testng.reporters.JUnitXMLReporter -->
<testsuite ignored="0" hostname="HYDHTC333383L" failures="0" tests="9" name="Default test" time="190.571" errors="0" timestamp="2020-09-30T14:45:27 IST">
  <testcase classname="testData.TestScenarios" name="DiscontinuedProduct" time="18.157"/>
  <testcase classname="testData.TestScenarios" name="SellableServicepart" time="11.304"/>
  <testcase classname="testData.TestScenarios" name="VerifyAddtoCart_PDPPage" time="27.33"/>
  <testcase classname="testData.TestScenarios" name="VerifyBreadcrumbs_StoreLocator_PDPpage" time="25.964"/>
  <testcase classname="testData.TestScenarios" name="VerifyCompareOverlayDisplayandDisappear" time="10.111"/>
  <testcase classname="testData.TestScenarios" name="VerifyCompareproductModal" time="31.692"/>
  <testcase classname="testData.TestScenarios" name="VerifyOptions_PDPPage" time="13.484"/>
  <testcase classname="testData.TestScenarios" name="VerifyPDPpage" time="16.009"/>
  <testcase classname="testData.TestScenarios" name="signIn" time="3.087"/>
</testsuite> <!-- Default test -->
