<?xml version="1.0" encoding="UTF-8"?>
<testng-results ignored="0" total="1" passed="1" failed="0" skipped="0">
  <reporter-output>
  </reporter-output>
  <suite started-at="2020-10-15T04:48:06Z" name="Default suite" finished-at="2020-10-15T04:48:13Z" duration-ms="7802">
    <groups>
    </groups>
    <test started-at="2020-10-15T04:48:06Z" name="Default test" finished-at="2020-10-15T04:48:13Z" duration-ms="7802">
      <class name="projectdayone.openGoogle">
        <test-method signature="method1()[pri:0, instance:projectdayone.openGoogle@7f8a9499]" started-at="2020-10-15T10:18:06Z" name="method1" finished-at="2020-10-15T10:18:13Z" duration-ms="7754" status="PASS">
          <reporter-output>
          </reporter-output>
        </test-method> <!-- method1 -->
      </class> <!-- projectdayone.openGoogle -->
    </test> <!-- Default test -->
  </suite> <!-- Default suite -->
</testng-results>
